<?xml version="1.0" encoding="UTF-8"?>
<testng-results skipped="0" failed="0" total="1" passed="1">
  <reporter-output>
  </reporter-output>
  <suite name="Surefire suite" duration-ms="113" started-at="2018-06-14T22:11:40Z" finished-at="2018-06-14T22:11:40Z">
    <groups>
    </groups>
    <test name="Surefire test" duration-ms="113" started-at="2018-06-14T22:11:40Z" finished-at="2018-06-14T22:11:40Z">
      <class name="com.khabane.app.AppTest">
        <test-method status="PASS" signature="shouldAnswerWithTrue()[pri:0, instance:shouldAnswerWithTrue(com.khabane.app.AppTest)]" name="shouldAnswerWithTrue" duration-ms="3" started-at="2018-06-15T00:11:40Z" finished-at="2018-06-15T00:11:40Z">
          <reporter-output>
          </reporter-output>
        </test-method> <!-- shouldAnswerWithTrue -->
      </class> <!-- com.khabane.app.AppTest -->
    </test> <!-- Surefire test -->
  </suite> <!-- Surefire suite -->
</testng-results>
