<?xml version="1.0" encoding="UTF-8"?>
<testng-results skipped="0" failed="0" total="1" passed="1">
  <reporter-output>
  </reporter-output>
  <suite name="Surefire suite" duration-ms="15249" started-at="2018-06-14T22:11:25Z" finished-at="2018-06-14T22:11:40Z">
    <groups>
    </groups>
    <test name="Surefire test" duration-ms="15249" started-at="2018-06-14T22:11:25Z" finished-at="2018-06-14T22:11:40Z">
      <class name="com.khabane.app.ItemSearchTest">
        <test-method status="PASS" signature="firstSearchResultIsRelatedTest()[pri:0, instance:com.khabane.app.ItemSearchTest@6be46e8f]" name="firstSearchResultIsRelatedTest" duration-ms="15164" started-at="2018-06-15T00:11:25Z" finished-at="2018-06-15T00:11:40Z">
          <reporter-output>
          </reporter-output>
        </test-method> <!-- firstSearchResultIsRelatedTest -->
      </class> <!-- com.khabane.app.ItemSearchTest -->
    </test> <!-- Surefire test -->
  </suite> <!-- Surefire suite -->
</testng-results>
