<?xml version="1.0" encoding="UTF-8"?>
<testsuite xmlns:xsi="http://www.w3.org/2001/XMLSchema-instance" xsi:noNamespaceSchemaLocation="https://maven.apache.org/surefire/maven-surefire-plugin/xsd/surefire-test-report.xsd" name="TestSuite" time="16.371" tests="2" errors="0" skipped="0" failures="0">
  <properties>
[...]
</properties>
  <testcase name="firstSearchResultIsRelatedTest" classname="com.khabane.app.ItemSearchTest" time="15.163"/>
  <testcase name="shouldAnswerWithTrue on shouldAnswerWithTrue(com.khabane.app.AppTest)" classname="com.khabane.app.AppTest" time="0.002"/>
</testsuite>